Arguments: 
  C:\Program Files\nodejs\node.exe C:\Program Files (x86)\Yarn\bin\yarn.js add express dotenv body-parser nodemon

PATH: 
  C:\WINDOWS\system32;C:\WINDOWS;C:\WINDOWS\System32\Wbem;C:\WINDOWS\System32\WindowsPowerShell\v1.0\;C:\WINDOWS\System32\OpenSSH\;C:\Program Files\Git\cmd;C:\Program Files\nodejs\;C:\Program Files (x86)\Yarn\bin\;;C:\Program Files\Docker\Docker\resources\bin;C:\ProgramData\DockerDesktop\version-bin;C:\Users\sheheryar.khan\AppData\Local\Programs\Python\Python38\Scripts\;C:\Users\sheheryar.khan\AppData\Local\Programs\Python\Python38\;C:\Users\sheheryar.khan\AppData\Local\Microsoft\WindowsApps;C:\Users\sheheryar.khan\AppData\Local\Programs\Microsoft VS Code\bin;C:\Users\sheheryar.khan\AppData\Local\Yarn\bin\;C:\Users\sheheryar.khan\AppData\Local\GitHubDesktop\bin

Yarn version: 
  1.22.4

Node version: 
  16.15.0

Platform: 
  win32 x64

Trace: 
  Error: getaddrinfo ENOTFOUND registry.yarnpkg.com
      at GetAddrInfoReqWrap.onlookup [as oncomplete] (node:dns:71:26)

npm manifest: 
  {
    "name": "messanger_bot",
    "version": "1.0.0",
    "description": "",
    "main": "index.js",
    "scripts": {
      "test": "echo \"Error: no test specified\" && exit 1"
    },
    "author": "",
    "license": "ISC"
  }

yarn manifest: 
  No manifest

Lockfile: 
  No lockfile
